Type
TypeDefinition
TypeDefinitions
Identifierlist
Type
VariableDeclaration
Identifierlist
Type
VariableDeclaration
VariableDeclaration
Identifierlist
Type
FormalParameterList
ResultType
FunctionDeclaration
Identifierlist
Type
FormalParameterList
ProcedureDeclaration
SubprogramDeclarations
SubprogramDeclarations
ComponentSelection
Variable
Factor
Factor
SimpleExpression
Expression
AssignmentStatement
SimpleStatement
Statement
ComponentSelection
Variable
ComponentSelection
Variable
Factor
Factor
SimpleExpression
Expression
AssignmentStatement
SimpleStatement
Statement
ComponentSelection
Variable
ComponentSelection
Variable
Factor
Factor
SimpleExpression
Expression
AssignmentStatement
SimpleStatement
Statement
ComponentSelection
Variable
Factor
Factor
SimpleExpression
Expression
AssignmentStatement
SimpleStatement
Statement
ComponentSelection
Variable
ComponentSelection
Variable
Factor
Factor
SimpleExpression
Expression
AssignmentStatement
SimpleStatement
Statement
ComponentSelection
Variable
ComponentSelection
Variable
Factor
MulOp
ComponentSelection
Variable
Factor
Factor
Factor
SimpleExpression
Expression
AssignmentStatement
SimpleStatement
Statement
ComponentSelection
Variable
Factor
Factor
SimpleExpression
Expression
ActualParameterList
ProcedureStatement
SimpleStatement
Statement
ComponentSelection
Variable
Factor
Factor
SimpleExpression
Expression
ActualParameterList
ProcedureStatement
SimpleStatement
Statement
StatementSequence
StatementSequence
StatementSequence
StatementSequence
StatementSequence
StatementSequence
StatementSequence
StatementSequence
CompoundStatement
Program
